Copyright 1986-2018 Xilinx, Inc. All Rights Reserved.
------------------------------------------------------------------------------------
| Tool Version : Vivado v.2018.2 (win64) Build 2258646 Thu Jun 14 20:03:12 MDT 2018
| Date         : Sat Apr  4 19:55:53 2020
| Host         : LAPTOP-M9JJG3M0 running 64-bit major release  (build 9200)
| Command      : report_high_fanout_nets -file init_report_high_fanout_nets_0.rpt
| Design       : Top_Student
| Device       : xc7a35t
------------------------------------------------------------------------------------

High Fan-out Nets Information

1. Summary
----------

+---------------------------------------------------+--------+-------------+
| Net Name                                          | Fanout | Driver Type |
+---------------------------------------------------+--------+-------------+
| nolabel_line187/graphics/erun/oled_reg[10][1]     |   1539 | CARRY4      |
| nolabel_line187/graphics/erun/O[2]                |   1535 | CARRY4      |
| nolabel_line187/graphics/erun/oled_reg[5][1]      |   1526 | CARRY4      |
| nolabel_line187/graphics/erunlaser/oled_reg[5][0] |   1522 | CARRY4      |
| nolabel_line187/graphics/erun/oled_reg[10][0]     |   1521 | CARRY4      |
| nolabel_line187/graphics/erun/O[1]                |   1517 | CARRY4      |
| nolabel_line187/graphics/erun/oled_reg[5][2]      |   1489 | CARRY4      |
| nolabel_line187/graphics/erun/O[0]                |   1486 | CARRY4      |
| nolabel_line187/graphics/erunlaser/oled_reg[5][1] |   1485 | CARRY4      |
| nolabel_line187/graphics/erun/oled_reg[10][2]     |   1163 | CARRY4      |
+---------------------------------------------------+--------+-------------+


