Copyright 1986-2018 Xilinx, Inc. All Rights Reserved.
-------------------------------------------------------------------------------------------------------------------------------------------
| Tool Version     : Vivado v.2018.2 (win64) Build 2258646 Thu Jun 14 20:03:12 MDT 2018
| Date             : Sat Apr  4 20:05:57 2020
| Host             : LAPTOP-M9JJG3M0 running 64-bit major release  (build 9200)
| Command          : report_power -file route_report_power_0.rpt -pb route_report_power_summary_0.pb -rpx route_report_power_0.rpx
| Design           : Top_Student
| Device           : xc7a35tcpg236-1
| Design State     : routed
| Grade            : commercial
| Process          : typical
| Characterization : Production
-------------------------------------------------------------------------------------------------------------------------------------------

Power Report

Table of Contents
-----------------
1. Summary
1.1 On-Chip Components
1.2 Power Supply Summary
1.3 Confidence Level
2. Settings
2.1 Environment
2.2 Clock Constraints
3. Detailed Reports
3.1 By Hierarchy

1. Summary
----------

+--------------------------+--------------+
| Total On-Chip Power (W)  | 0.104        |
| Design Power Budget (W)  | Unspecified* |
| Power Budget Margin (W)  | NA           |
| Dynamic (W)              | 0.032        |
| Device Static (W)        | 0.072        |
| Effective TJA (C/W)      | 5.0          |
| Max Ambient (C)          | 84.5         |
| Junction Temperature (C) | 25.5         |
| Confidence Level         | Low          |
| Setting File             | ---          |
| Simulation Activity File | ---          |
| Design Nets Matched      | NA           |
+--------------------------+--------------+
* Specify Design Power Budget using, set_operating_conditions -design_power_budget <value in Watts>


1.1 On-Chip Components
----------------------

+----------------+-----------+----------+-----------+-----------------+
| On-Chip        | Power (W) | Used     | Available | Utilization (%) |
+----------------+-----------+----------+-----------+-----------------+
| Clocks         |     0.006 |        3 |       --- |             --- |
| Slice Logic    |     0.010 |    24157 |       --- |             --- |
|   LUT as Logic |     0.009 |    16645 |     20800 |           80.02 |
|   CARRY4       |    <0.001 |      663 |      8150 |            8.13 |
|   Register     |    <0.001 |     2261 |     41600 |            5.44 |
|   F7/F8 Muxes  |    <0.001 |     2458 |     32600 |            7.54 |
|   Others       |     0.000 |      220 |       --- |             --- |
|   BUFG         |     0.000 |        4 |        32 |           12.50 |
| Signals        |     0.007 |    18008 |       --- |             --- |
| Block RAM      |     0.008 |        4 |        50 |            8.00 |
| DSPs           |     0.000 |       24 |        90 |           26.67 |
| I/O            |     0.001 |       55 |       106 |           51.89 |
| Static Power   |     0.072 |          |           |                 |
| Total          |     0.104 |          |           |                 |
+----------------+-----------+----------+-----------+-----------------+


1.2 Power Supply Summary
------------------------

+-----------+-------------+-----------+-------------+------------+
| Source    | Voltage (V) | Total (A) | Dynamic (A) | Static (A) |
+-----------+-------------+-----------+-------------+------------+
| Vccint    |       1.000 |     0.040 |       0.030 |      0.010 |
| Vccaux    |       1.800 |     0.013 |       0.000 |      0.013 |
| Vcco33    |       3.300 |     0.001 |       0.000 |      0.001 |
| Vcco25    |       2.500 |     0.000 |       0.000 |      0.000 |
| Vcco18    |       1.800 |     0.000 |       0.000 |      0.000 |
| Vcco15    |       1.500 |     0.000 |       0.000 |      0.000 |
| Vcco135   |       1.350 |     0.000 |       0.000 |      0.000 |
| Vcco12    |       1.200 |     0.000 |       0.000 |      0.000 |
| Vccaux_io |       1.800 |     0.000 |       0.000 |      0.000 |
| Vccbram   |       1.000 |     0.001 |       0.001 |      0.000 |
| MGTAVcc   |       1.000 |     0.000 |       0.000 |      0.000 |
| MGTAVtt   |       1.200 |     0.000 |       0.000 |      0.000 |
| Vccadc    |       1.800 |     0.020 |       0.000 |      0.020 |
+-----------+-------------+-----------+-------------+------------+


1.3 Confidence Level
--------------------

+-----------------------------+------------+--------------------------------------------------------+--------------------------------------------------------------------------------------------------------------------+
| User Input Data             | Confidence | Details                                                | Action                                                                                                             |
+-----------------------------+------------+--------------------------------------------------------+--------------------------------------------------------------------------------------------------------------------+
| Design implementation state | High       | Design is routed                                       |                                                                                                                    |
| Clock nodes activity        | Low        | User specified less than 75% of clocks                 | Provide missing clock activity with a constraint file, simulation results or by editing the "By Clock Domain" view |
| I/O nodes activity          | Low        | More than 75% of inputs are missing user specification | Provide missing input activity with simulation results or by editing the "By Resource Type -> I/Os" view           |
| Internal nodes activity     | Medium     | User specified less than 25% of internal nodes         | Provide missing internal nodes activity with simulation results or by editing the "By Resource Type" views         |
| Device models               | High       | Device models are Production                           |                                                                                                                    |
|                             |            |                                                        |                                                                                                                    |
| Overall confidence level    | Low        |                                                        |                                                                                                                    |
+-----------------------------+------------+--------------------------------------------------------+--------------------------------------------------------------------------------------------------------------------+


2. Settings
-----------

2.1 Environment
---------------

+-----------------------+--------------------------+
| Ambient Temp (C)      | 25.0                     |
| ThetaJA (C/W)         | 5.0                      |
| Airflow (LFM)         | 250                      |
| Heat Sink             | medium (Medium Profile)  |
| ThetaSA (C/W)         | 4.6                      |
| Board Selection       | medium (10"x10")         |
| # of Board Layers     | 12to15 (12 to 15 Layers) |
| Board Temperature (C) | 25.0                     |
+-----------------------+--------------------------+


2.2 Clock Constraints
---------------------

+-------------+-----------+-----------------+
| Clock       | Domain    | Constraint (ns) |
+-------------+-----------+-----------------+
| sys_clk_pin | CLK100MHZ |            10.0 |
+-------------+-----------+-----------------+


3. Detailed Reports
-------------------

3.1 By Hierarchy
----------------

+-------------------------+-----------+
| Name                    | Power (W) |
+-------------------------+-----------+
| Top_Student             |     0.032 |
|   _20khzclk             |    <0.001 |
|   _381hzclk             |    <0.001 |
|   _3hzclk               |    <0.001 |
|   _5hzclk               |    <0.001 |
|   _6_25mhzclk           |    <0.001 |
|   _7hzclk               |    <0.001 |
|   catch                 |    <0.001 |
|   colorscheme           |    <0.001 |
|   debouncec             |    <0.001 |
|     dff1                |     0.000 |
|     dff2                |    <0.001 |
|   debounced             |    <0.001 |
|     dff1                |    <0.001 |
|     dff2                |    <0.001 |
|   debouncel             |    <0.001 |
|     dff1                |     0.000 |
|     dff2                |    <0.001 |
|   debouncer             |    <0.001 |
|     dff1                |     0.000 |
|     dff2                |    <0.001 |
|   debounceu             |    <0.001 |
|     dff1                |    <0.001 |
|     dff2                |    <0.001 |
|   fridge                |     0.008 |
|   game1                 |     0.002 |
|     guess               |    <0.001 |
|     hint                |    <0.001 |
|     play1               |    <0.001 |
|       LR_push           |    <0.001 |
|       anode             |     0.000 |
|       nolabel_line24    |    <0.001 |
|       ones              |    <0.001 |
|       tens              |    <0.001 |
|     print               |    <0.001 |
|     random              |    <0.001 |
|       ones              |    <0.001 |
|       tens              |     0.000 |
|     random_x            |    <0.001 |
|     welcome_random      |     0.002 |
|   highclk               |    <0.001 |
|   medclk                |    <0.001 |
|   menu                  |    <0.001 |
|     accmod              |    <0.001 |
|       speeddropoff      |    <0.001 |
|       speedval1         |    <0.001 |
|       speedval2         |    <0.001 |
|       speedval3         |    <0.001 |
|       speedval4         |    <0.001 |
|       speedval5         |    <0.001 |
|       speedval6         |    <0.001 |
|       speedval7         |    <0.001 |
|     text0               |    <0.001 |
|     text1               |     0.000 |
|     text3               |     0.000 |
|     text4               |    <0.001 |
|     text5               |    <0.001 |
|     text6               |    <0.001 |
|   mlevels               |     0.000 |
|   my_display            |    <0.001 |
|   nolabel_line187       |     0.006 |
|     animation_clock_mod |    <0.001 |
|     graphics            |     0.002 |
|       back              |     0.000 |
|       crun              |    <0.001 |
|       elaser            |    <0.001 |
|       erun              |    <0.001 |
|       erunlaser         |    <0.001 |
|       estomp            |    <0.001 |
|       estomprock        |     0.000 |
|       grd               |    <0.001 |
|       sclk              |    <0.001 |
|     nolabel_line43      |    <0.001 |
|   peak                  |    <0.001 |
|   pgens                 |    <0.001 |
|   run                   |     0.004 |
|     hello               |     0.003 |
|     help                |    <0.001 |
|     pass                |    <0.001 |
|     runout              |    <0.001 |
|       LR                |    <0.001 |
|       an0A              |    <0.001 |
|       an1A              |    <0.001 |
|       an2A              |    <0.001 |
|       an3A              |    <0.001 |
|       run               |    <0.001 |
|     showdown            |    <0.001 |
|       LR                |     0.000 |
|       an0B              |     0.000 |
|       an1B              |     0.000 |
|       an2B              |     0.000 |
|       an3B              |     0.000 |
|       run               |     0.000 |
|     start               |     0.001 |
|   set_origin            |    <0.001 |
|     level_db            |    <0.001 |
|   signalextR            |    <0.001 |
|   signalextU            |    <0.001 |
|   slowclk               |    <0.001 |
|   tactic                |    <0.001 |
|     breate              |    <0.001 |
|     breatheclk          |    <0.001 |
|     color               |    <0.001 |
|     slowgb              |    <0.001 |
|     status              |    <0.001 |
|   whacko                |     0.003 |
|     SLOOOWclk           |    <0.001 |
|     SLOW2clk            |    <0.001 |
|     cash                |    <0.001 |
|       lives_d           |     0.000 |
|       ones_d            |    <0.001 |
|       tens_d            |    <0.001 |
|     catch               |     0.000 |
|     life                |     0.000 |
|     pafa                |    <0.001 |
|     pop                 |    <0.001 |
|     sound               |     0.001 |
+-------------------------+-----------+


